#
# A fatal error has been detected by the Java Runtime Environment:
#
#  EXCEPTION_ACCESS_VIOLATION (0xc0000005) at pc=0x000000006966b512, pid=5576, tid=0x0000000000001b24
#
# JRE version: OpenJDK Runtime Environment (8.0_212-b04) (build 1.8.0_212-release-1586-b04)
# Java VM: OpenJDK 64-Bit Server VM (25.212-b04 mixed mode windows-amd64 compressed oops)
# Problematic frame:
# V  [jvm.dll+0x8b512]
#
# Failed to write core dump. Minidumps are not enabled by default on client versions of Windows
#
# If you would like to submit a bug report, please visit:
#   
#

---------------  T H R E A D  ---------------

Current thread (0x000000000200e000):  GCTaskThread [stack: 0x00000000121a0000,0x00000000122a0000] [id=6948]

siginfo: ExceptionCode=0xc0000005, reading address 0xffffffffffffffff

Registers:
RAX=0x00000000609da900, RBX=0x00000000fbb6cad0, RCX=0x00000000169031d0, RDX=0x00000000fbb6cad0
RSP=0x000000001229f4b8, RBP=0x0000000000000000, RSI=0x00000000560f69c0, RDI=0x00000000560f69c0
R8 =0x0000000000000000, R9 =0x00000000169031d0, R10=0x0000000000000008, R11=0x00000000fe79c918
R12=0x0000000069bcb680, R13=0x000000000000000d, R14=0x0000000000000000, R15=0x000000000200e8c0
RIP=0x000000006966b512, EFLAGS=0x0000000000010246

Top of Stack: (sp=0x000000001229f4b8)
0x000000001229f4b8:   00000000699aeb82 00000000fbb6cab8
0x000000001229f4c8:   0000000000000003 00000000560f69c0
0x000000001229f4d8:   00000000696d5295 00000000fe794928
0x000000001229f4e8:   0000000000001000 000000006875aa90
0x000000001229f4f8:   000000006875aa94 0000000000000000
0x000000001229f508:   000000000200b700 0000000069bcb680
0x000000001229f518:   00000000699aeef0 00000000fe7957dc
0x000000001229f528:   0000000000000000 00000000560f69c0
0x000000001229f538:   00000000560f69c0 00000000fe7957dc
0x000000001229f548:   00000000699afa95 00000000fbb3a258
0x000000001229f558:   0000000000000000 00000000560f69c0
0x000000001229f568:   00000000699b1826 0000000058afaf00
0x000000001229f578:   03030000fffffcff 0303030303030303
0x000000001229f588:   0000030303030303 000000000200e800
0x000000001229f598:   000000005f9e5800 0000000069bf9201
0x000000001229f5a8:   00000000697d0001 000052084c1c3db1 

Instructions: (pc=0x000000006966b512)
0x000000006966b4f2:   e2 49 8d 0c 11 49 f7 d1 48 03 c1 49 c1 e9 03 48
0x000000006966b502:   c1 e8 03 41 23 c1 c3 48 8b 02 48 8b d1 49 8b c9
0x000000006966b512:   48 ff a0 e8 00 00 00 cc cc cc cc cc cc cc 80 3d
0x000000006966b522:   4a 49 73 00 00 48 8b c1 74 1b 8b 51 08 8b 0d e3 


Register to memory mapping:

RAX=0x00000000609da900 is an unknown value
RBX=0x00000000fbb6cad0 is an oop

[error occurred during error reporting (printing register info), id 0xc0000005]

Stack: [0x00000000121a0000,0x00000000122a0000],  sp=0x000000001229f4b8,  free space=1021k
Native frames: (J=compiled Java code, j=interpreted, Vv=VM code, C=native code)


---------------  P R O C E S S  ---------------

Java Threads: ( => current thread )
  0x000000005f9e6800 JavaThread "Cache worker for Java compile cache (C:\Users\user\AndroidStudioProjects\Allpostandmine\.gradle\5.6.4\javaCompile)" [_thread_blocked, id=5504, stack(0x0000000070830000,0x0000000070930000)]
  0x000000005f9e7000 JavaThread "Cache worker for Java compile cache (C:\Users\user\.gradle\caches\5.6.4\javaCompile)" [_thread_blocked, id=5420, stack(0x000000006a0b0000,0x000000006a1b0000)]
  0x000000005aca1000 JavaThread "stdout" [_thread_in_native, id=4116, stack(0x000000006a500000,0x000000006a600000)]
  0x000000005aca0000 JavaThread "stderr" [_thread_in_native, id=6604, stack(0x0000000069fb0000,0x000000006a0b0000)]
  0x000000005ac9f800 JavaThread "stdout" [_thread_in_native, id=5148, stack(0x000000006a350000,0x000000006a450000)]
  0x000000005ac9e800 JavaThread "stderr" [_thread_in_native, id=1320, stack(0x0000000069260000,0x0000000069360000)]
  0x000000005ac9e000 JavaThread "stdout" [_thread_in_native, id=5400, stack(0x0000000065ea0000,0x0000000065fa0000)]
  0x000000005f9e8000 JavaThread "stderr" [_thread_in_native, id=5612, stack(0x000000006a230000,0x000000006a330000)]
  0x000000005ddb0800 JavaThread "WorkerExecutor Queue Thread 4" [_thread_blocked, id=3392, stack(0x0000000069e30000,0x0000000069f30000)]
  0x000000005ddaf800 JavaThread "WorkerExecutor Queue Thread 3" [_thread_blocked, id=6364, stack(0x0000000069470000,0x0000000069570000)]
  0x000000005ddaa800 JavaThread "WorkerExecutor Queue Thread 2" [_thread_blocked, id=5588, stack(0x0000000069370000,0x0000000069470000)]
  0x000000005ddae000 JavaThread "stdout" [_thread_in_native, id=3988, stack(0x0000000068db0000,0x0000000068eb0000)]
  0x000000005ddac000 JavaThread "stderr" [_thread_in_native, id=5812, stack(0x0000000068c00000,0x0000000068d00000)]
  0x000000005ddad800 JavaThread "pool-26-thread-1" [_thread_blocked, id=5272, stack(0x00000000683f0000,0x00000000684f0000)]
  0x000000005ddab000 JavaThread "WorkerExecutor Queue" [_thread_blocked, id=5476, stack(0x00000000681a0000,0x00000000682a0000)]
  0x000000005dda9800 JavaThread "Cache worker for execution history cache (C:\Users\user\AndroidStudioProjects\Allpostandmine\.gradle\5.6.4\executionHistory)" [_thread_blocked, id=3712, stack(0x00000000688d0000,0x00000000689d0000)]
  0x000000005f9e5800 JavaThread "Execution worker for ':' Thread 3" [_thread_blocked, id=1076, stack(0x0000000068660000,0x0000000068760000)]
  0x000000005f9e5000 JavaThread "Execution worker for ':' Thread 2" [_thread_blocked, id=6872, stack(0x00000000684f0000,0x00000000685f0000)]
  0x000000005f9e4000 JavaThread "Execution worker for ':'" [_thread_blocked, id=5768, stack(0x00000000682f0000,0x00000000683f0000)]
  0x000000005f9e3800 JavaThread "Cache worker for file content cache (C:\Users\user\AndroidStudioProjects\Allpostandmine\.gradle\5.6.4\fileContent)" [_thread_blocked, id=5276, stack(0x0000000066ca0000,0x0000000066da0000)]
  0x000000005f9e2800 JavaThread "Cache worker for file content cache (C:\Users\user\.gradle\caches\5.6.4\fileContent)" [_thread_blocked, id=5624, stack(0x00000000628f0000,0x00000000629f0000)]
  0x000000005c72f000 JavaThread "Cache worker for Build Output Cleanup Cache (C:\Users\user\AndroidStudioProjects\Allpostandmine\.gradle\buildOutputCleanup)" [_thread_blocked, id=3920, stack(0x00000000666c0000,0x00000000667c0000)]
  0x000000005c72a800 JavaThread "pool-5-thread-1" [_thread_blocked, id=5508, stack(0x0000000065190000,0x0000000065290000)]
  0x000000005c72b000 JavaThread "Build operations Thread 4" [_thread_blocked, id=5948, stack(0x0000000065010000,0x0000000065110000)]
  0x000000005c72c800 JavaThread "Build operations Thread 3" [_thread_blocked, id=5144, stack(0x0000000062c70000,0x0000000062d70000)]
  0x000000005c72c000 JavaThread "Build operations Thread 2" [_thread_blocked, id=5808, stack(0x0000000064da0000,0x0000000064ea0000)]
  0x000000005c72d800 JavaThread "Build operations" [_thread_blocked, id=2424, stack(0x000000005c280000,0x000000005c380000)]
  0x000000005c72e800 JavaThread "Cache worker for cache directory md-rule (C:\Users\user\.gradle\caches\5.6.4\md-rule)" [_thread_blocked, id=6196, stack(0x000000005b0a0000,0x000000005b1a0000)]
  0x0000000057dc6800 JavaThread "Cache worker for cache directory md-supplier (C:\Users\user\.gradle\caches\5.6.4\md-supplier)" [_thread_blocked, id=5436, stack(0x0000000064c00000,0x0000000064d00000)]
  0x0000000057dd1000 JavaThread "Cache worker for file hash cache (C:\Users\user\AndroidStudioProjects\Allpostandmine\.gradle\5.6.4\fileHashes)" [_thread_blocked, id=4720, stack(0x000000005bb60000,0x000000005bc60000)]
  0x0000000057dca800 JavaThread "Thread-42" [_thread_blocked, id=6628, stack(0x00000000638f0000,0x00000000639f0000)]
  0x0000000057dcf800 JavaThread "Asynchronous log dispatcher for DefaultDaemonConnection: socket connection from /127.0.0.1:59842 to /127.0.0.1:51379" [_thread_blocked, id=4992, stack(0x000000005b820000,0x000000005b920000)]
  0x0000000057dcf000 JavaThread "Daemon worker Thread 3" [_thread_blocked, id=3536, stack(0x0000000061d90000,0x0000000061e90000)]
  0x0000000057dce000 JavaThread "Cancel handler" [_thread_blocked, id=1548, stack(0x0000000061010000,0x0000000061110000)]
  0x0000000057dcd800 JavaThread "Handler for socket connection from /127.0.0.1:59842 to /127.0.0.1:51379" [_thread_in_native, id=5764, stack(0x0000000060f10000,0x0000000061010000)]
  0x0000000057dd0800 JavaThread "Daemon Thread 3" [_thread_blocked, id=4224, stack(0x000000005b440000,0x000000005b540000)]
  0x0000000057dd2800 JavaThread "Memory manager" [_thread_blocked, id=4644, stack(0x000000005bc90000,0x000000005bd90000)]
  0x0000000057dcc000 JavaThread "Cache worker for execution history cache (C:\Users\user\.gradle\caches\5.6.4\executionHistory)" [_thread_blocked, id=768, stack(0x0000000061110000,0x0000000061210000)]
  0x0000000057dc6000 JavaThread "Cache worker for journal cache (C:\Users\user\.gradle\caches\journal-1)" [_thread_blocked, id=6732, stack(0x000000005bdc0000,0x000000005bec0000)]
  0x0000000057dc5000 JavaThread "File lock request listener" [_thread_in_native, id=1116, stack(0x000000005c380000,0x000000005c480000)]
  0x0000000057dc4800 JavaThread "Cache worker for file hash cache (C:\Users\user\.gradle\caches\5.6.4\fileHashes)" [_thread_blocked, id=6020, stack(0x000000005bf70000,0x000000005c070000)]
  0x000000005894d000 JavaThread "Daemon periodic checks" [_thread_blocked, id=6308, stack(0x000000005b300000,0x000000005b400000)]
  0x000000005894a800 JavaThread "Incoming local TCP Connector on port 59842" [_thread_in_native, id=4692, stack(0x000000005b1a0000,0x000000005b2a0000)]
  0x0000000059d79800 JavaThread "Daemon health stats" [_thread_blocked, id=6392, stack(0x0000000059b70000,0x0000000059c70000)]
  0x0000000057bb8800 JavaThread "Service Thread" daemon [_thread_blocked, id=3808, stack(0x0000000058010000,0x0000000058110000)]
  0x0000000056163000 JavaThread "C1 CompilerThread2" daemon [_thread_blocked, id=5296, stack(0x00000000577b0000,0x00000000578b0000)]
  0x0000000056162000 JavaThread "C2 CompilerThread1" daemon [_thread_blocked, id=4716, stack(0x0000000057ab0000,0x0000000057bb0000)]
  0x000000005615b800 JavaThread "C2 CompilerThread0" daemon [_thread_blocked, id=2016, stack(0x0000000057910000,0x0000000057a10000)]
  0x000000005616c000 JavaThread "Attach Listener" daemon [_thread_blocked, id=6740, stack(0x0000000057640000,0x0000000057740000)]
  0x000000005616b000 JavaThread "Signal Dispatcher" daemon [_thread_blocked, id=5884, stack(0x0000000057420000,0x0000000057520000)]
  0x0000000056148800 JavaThread "Finalizer" daemon [_thread_blocked, id=6072, stack(0x0000000057540000,0x0000000057640000)]
  0x0000000056141000 JavaThread "Reference Handler" daemon [_thread_blocked, id=6248, stack(0x00000000572e0000,0x00000000573e0000)]
  0x00000000020fe800 JavaThread "main" [_thread_blocked, id=6944, stack(0x00000000023a0000,0x00000000024a0000)]

Other Threads:
  0x00000000560f9800 VMThread [stack: 0x0000000057170000,0x0000000057270000] [id=6920]
  0x0000000056165800 WatcherThread [stack: 0x0000000058270000,0x0000000058370000] [id=6300]

=>0x000000000200e000 (exited) GCTaskThread [stack: 0x00000000121a0000,0x00000000122a0000] [id=6948]

VM state:at safepoint (normal execution)

VM Mutex/Monitor currently owned by a thread:  ([mutex/lock_event])
[0x00000000020fc8a0] Threads_lock - owner thread: 0x00000000560f9800
[0x00000000020fcda0] Heap_lock - owner thread: 0x0000000057dcf000

heap address: 0x00000000a0000000, size: 1536 MB, Compressed Oops mode: 32-bit
Narrow klass base: 0x0000000000000000, Narrow klass shift: 0
Compressed class space size: 1073741824 Address: 0x0000000015770000

Heap:
 PSYoungGen      total 463872K, used 463370K [0x00000000e0000000, 0x0000000100000000, 0x0000000100000000)
  eden space 432128K, 100% used [0x00000000e0000000,0x00000000fa600000,0x00000000fa600000)
  from space 31744K, 98% used [0x00000000fa600000,0x00000000fc482a18,0x00000000fc500000)
  to   space 47104K, 59% used [0x00000000fd200000,0x00000000fed349b8,0x0000000100000000)
 ParOldGen       total 146944K, used 99955K [0x00000000a0000000, 0x00000000a8f80000, 0x00000000e0000000)
  object space 146944K, 68% used [0x00000000a0000000,0x00000000a619cee0,0x00000000a8f80000)
 Metaspace       used 134278K, capacity 140168K, committed 140312K, reserved 1171456K
  class space    used 17463K, capacity 18662K, committed 18728K, reserved 1048576K

Card table byte_map: [0x0000000011b30000,0x0000000011e40000] byte_map_base: 0x0000000011630000

Marking Bits: (ParMarkBitMap*) 0x0000000069da9f30
 Begin Bits: [0x0000000012470000, 0x0000000013c70000)
 End Bits:   [0x0000000013c70000, 0x0000000015470000)

Polling page: 0x0000000001b60000

CodeCache: size=245760Kb used=64847Kb max_used=64847Kb free=180912Kb
 bounds [0x0000000002770000, 0x0000000006720000, 0x0000000011770000]
 total_blobs=19327 nmethods=18404 adapters=831
 compilation: enabled

Compilation events (10 events):
Event: 4023.650 Thread 0x0000000056163000 22842       3       com.android.tools.r8.graph.r0::c (515 bytes)
Event: 4023.654 Thread 0x0000000056163000 nmethod 22842 0x00000000067104d0 code [0x0000000006710980, 0x00000000067138c8]
Event: 4023.719 Thread 0x0000000056163000 22843       1       com.android.tools.r8.u.b.L0::A2 (2 bytes)
Event: 4023.719 Thread 0x0000000056163000 nmethod 22843 0x0000000005b0f850 code [0x0000000005b0f9a0, 0x0000000005b0fab0]
Event: 4023.795 Thread 0x0000000056163000 22845       2       com.android.tools.r8.u.b.l::a (57 bytes)
Event: 4023.796 Thread 0x0000000056163000 nmethod 22845 0x0000000004187590 code [0x0000000004187720, 0x00000000041879f8]
Event: 4023.821 Thread 0x0000000056163000 22847 %     3       com.android.tools.r8.graph.a0::a @ 11 (299 bytes)
Event: 4023.822 Thread 0x0000000056163000 nmethod 22847% 0x0000000006715650 code [0x0000000006715880, 0x00000000067162b0]
Event: 4023.822 Thread 0x0000000056163000 22848       3       com.android.tools.r8.graph.a0::a (299 bytes)
Event: 4023.823 Thread 0x0000000056163000 nmethod 22848 0x0000000006716d10 code [0x0000000006716f20, 0x0000000006717850]

GC Heap History (10 events):
Event: 3976.609 GC heap after
Heap after GC invocations=19 (full 4):
 PSYoungGen      total 482304K, used 21498K [0x00000000e0000000, 0x0000000100000000, 0x0000000100000000)
  eden space 440320K, 0% used [0x00000000e0000000,0x00000000e0000000,0x00000000fae00000)
  from space 41984K, 51% used [0x00000000fae00000,0x00000000fc2fe9b8,0x00000000fd700000)
  to   space 41472K, 0% used [0x00000000fd780000,0x00000000fd780000,0x0000000100000000)
 ParOldGen       total 146944K, used 99923K [0x00000000a0000000, 0x00000000a8f80000, 0x00000000e0000000)
  object space 146944K, 68% used [0x00000000a0000000,0x00000000a6194ee0,0x00000000a8f80000)
 Metaspace       used 117615K, capacity 122258K, committed 122392K, reserved 1155072K
  class space    used 15336K, capacity 16339K, committed 16424K, reserved 1048576K
}
Event: 4009.080 GC heap before
{Heap before GC invocations=20 (full 4):
 PSYoungGen      total 482304K, used 461818K [0x00000000e0000000, 0x0000000100000000, 0x0000000100000000)
  eden space 440320K, 100% used [0x00000000e0000000,0x00000000fae00000,0x00000000fae00000)
  from space 41984K, 51% used [0x00000000fae00000,0x00000000fc2fe9b8,0x00000000fd700000)
  to   space 41472K, 0% used [0x00000000fd780000,0x00000000fd780000,0x0000000100000000)
 ParOldGen       total 146944K, used 99923K [0x00000000a0000000, 0x00000000a8f80000, 0x00000000e0000000)
  object space 146944K, 68% used [0x00000000a0000000,0x00000000a6194ee0,0x00000000a8f80000)
 Metaspace       used 132659K, capacity 138338K, committed 138392K, reserved 1169408K
  class space    used 17363K, capacity 18549K, committed 18600K, reserved 1048576K
Event: 4009.180 GC heap after
Heap after GC invocations=20 (full 4):
 PSYoungGen      total 471552K, used 38969K [0x00000000e0000000, 0x0000000100000000, 0x0000000100000000)
  eden space 430080K, 0% used [0x00000000e0000000,0x00000000e0000000,0x00000000fa400000)
  from space 41472K, 93% used [0x00000000fd780000,0x00000000ffd8e430,0x0000000100000000)
  to   space 47104K, 0% used [0x00000000fa400000,0x00000000fa400000,0x00000000fd200000)
 ParOldGen       total 146944K, used 99931K [0x00000000a0000000, 0x00000000a8f80000, 0x00000000e0000000)
  object space 146944K, 68% used [0x00000000a0000000,0x00000000a6196ee0,0x00000000a8f80000)
 Metaspace       used 132659K, capacity 138338K, committed 138392K, reserved 1169408K
  class space    used 17363K, capacity 18549K, committed 18600K, reserved 1048576K
}
Event: 4013.474 GC heap before
{Heap before GC invocations=21 (full 4):
 PSYoungGen      total 471552K, used 469049K [0x00000000e0000000, 0x0000000100000000, 0x0000000100000000)
  eden space 430080K, 100% used [0x00000000e0000000,0x00000000fa400000,0x00000000fa400000)
  from space 41472K, 93% used [0x00000000fd780000,0x00000000ffd8e430,0x0000000100000000)
  to   space 47104K, 0% used [0x00000000fa400000,0x00000000fa400000,0x00000000fd200000)
 ParOldGen       total 146944K, used 99931K [0x00000000a0000000, 0x00000000a8f80000, 0x00000000e0000000)
  object space 146944K, 68% used [0x00000000a0000000,0x00000000a6196ee0,0x00000000a8f80000)
 Metaspace       used 133786K, capacity 139668K, committed 139800K, reserved 1171456K
  class space    used 17441K, capacity 18650K, committed 18728K, reserved 1048576K
Event: 4013.519 GC heap after
Heap after GC invocations=21 (full 4):
 PSYoungGen      total 477184K, used 21198K [0x00000000e0000000, 0x0000000100000000, 0x0000000100000000)
  eden space 430080K, 0% used [0x00000000e0000000,0x00000000e0000000,0x00000000fa400000)
  from space 47104K, 45% used [0x00000000fa400000,0x00000000fb8b3bc0,0x00000000fd200000)
  to   space 45056K, 0% used [0x00000000fd400000,0x00000000fd400000,0x0000000100000000)
 ParOldGen       total 146944K, used 99939K [0x00000000a0000000, 0x00000000a8f80000, 0x00000000e0000000)
  object space 146944K, 68% used [0x00000000a0000000,0x00000000a6198ee0,0x00000000a8f80000)
 Metaspace       used 133786K, capacity 139668K, committed 139800K, reserved 1171456K
  class space    used 17441K, capacity 18650K, committed 18728K, reserved 1048576K
}
Event: 4018.858 GC heap before
{Heap before GC invocations=22 (full 4):
 PSYoungGen      total 477184K, used 451278K [0x00000000e0000000, 0x0000000100000000, 0x0000000100000000)
  eden space 430080K, 100% used [0x00000000e0000000,0x00000000fa400000,0x00000000fa400000)
  from space 47104K, 45% used [0x00000000fa400000,0x00000000fb8b3bc0,0x00000000fd200000)
  to   space 45056K, 0% used [0x00000000fd400000,0x00000000fd400000,0x0000000100000000)
 ParOldGen       total 146944K, used 99939K [0x00000000a0000000, 0x00000000a8f80000, 0x00000000e0000000)
  object space 146944K, 68% used [0x00000000a0000000,0x00000000a6198ee0,0x00000000a8f80000)
 Metaspace       used 134117K, capacity 139956K, committed 140056K, reserved 1171456K
  class space    used 17459K, capacity 18660K, committed 18728K, reserved 1048576K
Event: 4018.918 GC heap after
Heap after GC invocations=22 (full 4):
 PSYoungGen      total 476160K, used 28164K [0x00000000e0000000, 0x00000000fff00000, 0x0000000100000000)
  eden space 432128K, 0% used [0x00000000e0000000,0x00000000e0000000,0x00000000fa600000)
  from space 44032K, 63% used [0x00000000fd400000,0x00000000fef81370,0x00000000fff00000)
  to   space 45568K, 0% used [0x00000000fa600000,0x00000000fa600000,0x00000000fd280000)
 ParOldGen       total 146944K, used 99947K [0x00000000a0000000, 0x00000000a8f80000, 0x00000000e0000000)
  object space 146944K, 68% used [0x00000000a0000000,0x00000000a619aee0,0x00000000a8f80000)
 Metaspace       used 134117K, capacity 139956K, committed 140056K, reserved 1171456K
  class space    used 17459K, capacity 18660K, committed 18728K, reserved 1048576K
}
Event: 4021.490 GC heap before
{Heap before GC invocations=23 (full 4):
 PSYoungGen      total 476160K, used 460292K [0x00000000e0000000, 0x00000000fff00000, 0x0000000100000000)
  eden space 432128K, 100% used [0x00000000e0000000,0x00000000fa600000,0x00000000fa600000)
  from space 44032K, 63% used [0x00000000fd400000,0x00000000fef81370,0x00000000fff00000)
  to   space 45568K, 0% used [0x00000000fa600000,0x00000000fa600000,0x00000000fd280000)
 ParOldGen       total 146944K, used 99947K [0x00000000a0000000, 0x00000000a8f80000, 0x00000000e0000000)
  object space 146944K, 68% used [0x00000000a0000000,0x00000000a619aee0,0x00000000a8f80000)
 Metaspace       used 134231K, capacity 140168K, committed 140312K, reserved 1171456K
  class space    used 17463K, capacity 18662K, committed 18728K, reserved 1048576K
Event: 4021.576 GC heap after
Heap after GC invocations=23 (full 4):
 PSYoungGen      total 463872K, used 31242K [0x00000000e0000000, 0x0000000100000000, 0x0000000100000000)
  eden space 432128K, 0% used [0x00000000e0000000,0x00000000e0000000,0x00000000fa600000)
  from space 31744K, 98% used [0x00000000fa600000,0x00000000fc482a18,0x00000000fc500000)
  to   space 47104K, 0% used [0x00000000fd200000,0x00000000fd200000,0x0000000100000000)
 ParOldGen       total 146944K, used 99947K [0x00000000a0000000, 0x00000000a8f80000, 0x00000000e0000000)
  object space 146944K, 68% used [0x00000000a0000000,0x00000000a619aee0,0x00000000a8f80000)
 Metaspace       used 134231K, capacity 140168K, committed 140312K, reserved 1171456K
  class space    used 17463K, capacity 18662K, committed 18728K, reserved 1048576K
}
Event: 4023.854 GC heap before
{Heap before GC invocations=24 (full 4):
 PSYoungGen      total 463872K, used 463370K [0x00000000e0000000, 0x0000000100000000, 0x0000000100000000)
  eden space 432128K, 100% used [0x00000000e0000000,0x00000000fa600000,0x00000000fa600000)
  from space 31744K, 98% used [0x00000000fa600000,0x00000000fc482a18,0x00000000fc500000)
  to   space 47104K, 0% used [0x00000000fd200000,0x00000000fd200000,0x0000000100000000)
 ParOldGen       total 146944K, used 99947K [0x00000000a0000000, 0x00000000a8f80000, 0x00000000e0000000)
  object space 146944K, 68% used [0x00000000a0000000,0x00000000a619aee0,0x00000000a8f80000)
 Metaspace       used 134278K, capacity 140168K, committed 140312K, reserved 1171456K
  class space    used 17463K, capacity 18662K, committed 18728K, reserved 1048576K

Deoptimization events (10 events):
Event: 4017.074 Thread 0x0000000057dcf000 Uncommon trap: reason=bimorphic action=maybe_recompile pc=0x0000000005bcb894 method=com.android.tools.r8.u.b.i1.a(Lcom/android/tools/r8/ir/analysis/type/k;)Lcom/android/tools/r8/u/b/i1; @ 23
Event: 4017.180 Thread 0x0000000057dcf000 Uncommon trap: reason=unstable_if action=reinterpret pc=0x000000000623d4b4 method=com.android.tools.r8.graph.d0.b(Lcom/android/tools/r8/graph/d0;)I @ 141
Event: 4017.745 Thread 0x000000005f9e4000 Uncommon trap: reason=unstable_if action=reinterpret pc=0x00000000060e1380 method=com.android.tools.r8.v.a.a.a.f.x0$e.contains(Ljava/lang/Object;)Z @ 124
Event: 4017.849 Thread 0x000000005f9e5800 Uncommon trap: reason=unstable_if action=reinterpret pc=0x0000000002b6fb14 method=com.android.tools.r8.B.a.a.f.a(II[C)Ljava/lang/String; @ 32
Event: 4017.849 Thread 0x000000005f9e5800 Uncommon trap: reason=unstable_if action=reinterpret pc=0x0000000004a51330 method=com.android.tools.r8.graph.d0.a(C)I @ 7
Event: 4018.362 Thread 0x000000005f9e4000 Uncommon trap: reason=unstable_if action=reinterpret pc=0x0000000006489404 method=com.android.tools.r8.ir.regalloc.LinearScanRegisterAllocator.a(Lcom/android/tools/r8/ir/regalloc/LinearScanRegisterAllocator$a;Z)Lcom/android/tools/r8/ir/regalloc/LinearScan
Event: 4018.413 Thread 0x000000005f9e5800 Uncommon trap: reason=unstable_if action=reinterpret pc=0x0000000006207d10 method=com.android.tools.r8.ir.regalloc.LinearScanRegisterAllocator.a(Lcom/android/tools/r8/ir/regalloc/LinearScanRegisterAllocator$a;Z)Lcom/android/tools/r8/ir/regalloc/LinearScan
Event: 4019.409 Thread 0x000000005f9e5800 Uncommon trap: reason=unstable_if action=reinterpret pc=0x00000000060e7b74 method=com.android.tools.r8.v.a.a.a.f.c0.get(I)Ljava/lang/Object; @ 8
Event: 4019.409 Thread 0x000000005f9e5800 Uncommon trap: reason=unstable_if action=reinterpret pc=0x0000000005bfb134 method=com.android.tools.r8.v.a.a.a.f.c0.get(I)Ljava/lang/Object; @ 8
Event: 4023.393 Thread 0x000000005f9e5800 Uncommon trap: reason=unstable_if action=reinterpret pc=0x00000000056d63b0 method=com.android.tools.r8.graph.r0.c(Ljava/lang/String;)Lcom/android/tools/r8/graph/b0; @ 229

Classes redefined (0 events):
No events

Internal exceptions (10 events):
Event: 4020.317 Thread 0x000000005f9e4000 Exception <a 'sun/nio/fs/WindowsException'> (0x00000000e9661c68) thrown at [D:\src\AOSP-openjdk-cygwin\jdk8u\hotspot\src\share\vm\prims\jni.cpp, line 710]
Event: 4020.379 Thread 0x000000005f9e5000 Exception <a 'sun/nio/fs/WindowsException'> (0x00000000ed9a4090) thrown at [D:\src\AOSP-openjdk-cygwin\jdk8u\hotspot\src\share\vm\prims\jni.cpp, line 710]
Event: 4020.617 Thread 0x000000005f9e4000 Exception <a 'sun/nio/fs/WindowsException'> (0x00000000efab6da0) thrown at [D:\src\AOSP-openjdk-cygwin\jdk8u\hotspot\src\share\vm\prims\jni.cpp, line 710]
Event: 4020.865 Thread 0x000000005f9e4000 Exception <a 'sun/nio/fs/WindowsException'> (0x00000000efad6648) thrown at [D:\src\AOSP-openjdk-cygwin\jdk8u\hotspot\src\share\vm\prims\jni.cpp, line 710]
Event: 4020.989 Thread 0x0000000057dcf000 Exception <a 'sun/nio/fs/WindowsException'> (0x00000000f4465d78) thrown at [D:\src\AOSP-openjdk-cygwin\jdk8u\hotspot\src\share\vm\prims\jni.cpp, line 710]
Event: 4022.096 Thread 0x0000000057dcf000 Exception <a 'sun/nio/fs/WindowsException'> (0x00000000e4710340) thrown at [D:\src\AOSP-openjdk-cygwin\jdk8u\hotspot\src\share\vm\prims\jni.cpp, line 710]
Event: 4022.121 Thread 0x0000000057dcf000 Exception <a 'sun/nio/fs/WindowsException'> (0x00000000e60a12c8) thrown at [D:\src\AOSP-openjdk-cygwin\jdk8u\hotspot\src\share\vm\prims\jni.cpp, line 710]
Event: 4022.708 Thread 0x000000005f9e4000 Exception <a 'sun/nio/fs/WindowsException'> (0x00000000ecce6f48) thrown at [D:\src\AOSP-openjdk-cygwin\jdk8u\hotspot\src\share\vm\prims\jni.cpp, line 710]
Event: 4023.171 Thread 0x000000005f9e5000 Exception <a 'sun/nio/fs/WindowsException'> (0x00000000f23003b8) thrown at [D:\src\AOSP-openjdk-cygwin\jdk8u\hotspot\src\share\vm\prims\jni.cpp, line 710]
Event: 4023.329 Thread 0x0000000057dcf000 Exception <a 'sun/nio/fs/WindowsException'> (0x00000000e612ee18) thrown at [D:\src\AOSP-openjdk-cygwin\jdk8u\hotspot\src\share\vm\prims\jni.cpp, line 710]

Events (10 events):
Event: 4023.779 Thread 0x000000005f9e4000 DEOPT UNPACKING pc=0x00000000027b75d0 sp=0x00000000683eb010 mode 0
Event: 4023.801 Thread 0x000000005f9e4000 DEOPT PACKING pc=0x0000000005d1874a sp=0x00000000683eaed0
Event: 4023.801 Thread 0x000000005f9e4000 DEOPT UNPACKING pc=0x00000000027b75d0 sp=0x00000000683eb000 mode 0
Event: 4023.818 Thread 0x000000005f9e5800 DEOPT PACKING pc=0x0000000005deb44d sp=0x000000006875af70
Event: 4023.818 Thread 0x000000005f9e5800 DEOPT UNPACKING pc=0x00000000027b75d0 sp=0x000000006875adb8 mode 0
Event: 4023.823 Thread 0x000000005f9e4000 DEOPT PACKING pc=0x0000000006050cae sp=0x00000000683ebbd0
Event: 4023.823 Thread 0x000000005f9e4000 DEOPT UNPACKING pc=0x00000000027b75d0 sp=0x00000000683eb8c0 mode 0
Event: 4023.829 Thread 0x0000000057dcf000 DEOPT PACKING pc=0x0000000005e98076 sp=0x0000000061e88480
Event: 4023.829 Thread 0x0000000057dcf000 DEOPT UNPACKING pc=0x00000000027b75d0 sp=0x0000000061e884a8 mode 0
Event: 4023.852 Executing VM operation: ParallelGCFailedAllocation


Dynamic libraries:
0x000000013ff40000 - 0x000000013ff71000 	C:\Program Files\Android\Android Studio\jre\bin\java.exe
0x0000000077c30000 - 0x0000000077dd9000 	C:\Windows\SYSTEM32\ntdll.dll
0x0000000077a10000 - 0x0000000077b2f000 	C:\Windows\system32\kernel32.dll
0x000007fefdd70000 - 0x000007fefdddb000 	C:\Windows\system32\KERNELBASE.dll
0x000007feff690000 - 0x000007feff76b000 	C:\Windows\system32\ADVAPI32.dll
0x000007feff310000 - 0x000007feff3af000 	C:\Windows\system32\msvcrt.dll
0x000007feffcc0000 - 0x000007feffcdf000 	C:\Windows\SYSTEM32\sechost.dll
0x000007feff3e0000 - 0x000007feff50d000 	C:\Windows\system32\RPCRT4.dll
0x0000000077b30000 - 0x0000000077c2a000 	C:\Windows\system32\USER32.dll
0x000007feff2a0000 - 0x000007feff307000 	C:\Windows\system32\GDI32.dll
0x000007feff8d0000 - 0x000007feff8de000 	C:\Windows\system32\LPK.dll
0x000007feffe70000 - 0x000007fefff39000 	C:\Windows\system32\USP10.dll
0x000007fefc320000 - 0x000007fefc514000 	C:\Windows\WinSxS\amd64_microsoft.windows.common-controls_6595b64144ccf1df_6.0.7601.17514_none_fa396087175ac9ac\COMCTL32.dll
0x000007feffdf0000 - 0x000007feffe61000 	C:\Windows\system32\SHLWAPI.dll
0x000007feff3b0000 - 0x000007feff3de000 	C:\Windows\system32\IMM32.DLL
0x000007feffce0000 - 0x000007feffde9000 	C:\Windows\system32\MSCTF.dll
0x00000000723b0000 - 0x0000000072482000 	C:\Program Files\Android\Android Studio\jre\jre\bin\msvcr100.dll
0x00000000695e0000 - 0x0000000069e26000 	C:\Program Files\Android\Android Studio\jre\jre\bin\server\jvm.dll
0x000007fef6ce0000 - 0x000007fef6ce9000 	C:\Windows\system32\WSOCK32.dll
0x000007feffc70000 - 0x000007feffcbd000 	C:\Windows\system32\WS2_32.dll
0x000007fefe500000 - 0x000007fefe508000 	C:\Windows\system32\NSI.dll
0x000007fefbf80000 - 0x000007fefbfbb000 	C:\Windows\system32\WINMM.dll
0x000007fefcce0000 - 0x000007fefccec000 	C:\Windows\system32\VERSION.dll
0x0000000077e00000 - 0x0000000077e07000 	C:\Windows\system32\PSAPI.DLL
0x000007fef6650000 - 0x000007fef665f000 	C:\Program Files\Android\Android Studio\jre\jre\bin\verify.dll
0x000007feeefe0000 - 0x000007feef009000 	C:\Program Files\Android\Android Studio\jre\jre\bin\java.dll
0x000007feeefc0000 - 0x000007feeefd6000 	C:\Program Files\Android\Android Studio\jre\jre\bin\zip.dll
0x000007fefe510000 - 0x000007feff298000 	C:\Windows\system32\SHELL32.dll
0x000007fefdff0000 - 0x000007fefe1f3000 	C:\Windows\system32\ole32.dll
0x000007fefdb80000 - 0x000007fefdb8f000 	C:\Windows\system32\profapi.dll
0x000007feee8c0000 - 0x000007feee8da000 	C:\Program Files\Android\Android Studio\jre\jre\bin\net.dll
0x000007feff510000 - 0x000007feff688000 	C:\Windows\system32\urlmon.dll
0x000007feff8e0000 - 0x000007feffa0a000 	C:\Windows\system32\WININET.dll
0x000007fefe200000 - 0x000007fefe459000 	C:\Windows\system32\iertutil.dll
0x000007feff770000 - 0x000007feff847000 	C:\Windows\system32\OLEAUT32.dll
0x000007fefdde0000 - 0x000007fefdf47000 	C:\Windows\system32\CRYPT32.dll
0x000007fefdc20000 - 0x000007fefdc2f000 	C:\Windows\system32\MSASN1.dll
0x000007fefd3b0000 - 0x000007fefd405000 	C:\Windows\system32\mswsock.dll
0x000007fefd3a0000 - 0x000007fefd3a7000 	C:\Windows\System32\wship6.dll
0x000007feee8a0000 - 0x000007feee8b3000 	C:\Program Files\Android\Android Studio\jre\jre\bin\nio.dll
0x000007fee8860000 - 0x000007fee8886000 	C:\Users\user\.gradle\native\30\windows-amd64\native-platform.dll
0x000007feee890000 - 0x000007feee89d000 	C:\Program Files\Android\Android Studio\jre\jre\bin\management.dll
0x000007fefd410000 - 0x000007fefd427000 	C:\Windows\system32\CRYPTSP.dll
0x000007fefd110000 - 0x000007fefd157000 	C:\Windows\system32\rsaenh.dll
0x000007fefced0000 - 0x000007fefceee000 	C:\Windows\system32\USERENV.dll
0x000007fefdab0000 - 0x000007fefdabf000 	C:\Windows\system32\CRYPTBASE.dll
0x000007fefb230000 - 0x000007fefb257000 	C:\Windows\system32\IPHLPAPI.DLL
0x000007fefb220000 - 0x000007fefb22b000 	C:\Windows\system32\WINNSI.DLL
0x000007fefa820000 - 0x000007fefa838000 	C:\Windows\system32\dhcpcsvc.DLL
0x000007fefa800000 - 0x000007fefa811000 	C:\Windows\system32\dhcpcsvc6.DLL
0x000007feec320000 - 0x000007feec344000 	C:\Program Files\Android\Android Studio\jre\jre\bin\sunec.dll
0x000007fefcdb0000 - 0x000007fefcdb7000 	C:\Windows\System32\wshtcpip.dll
0x000007fefd230000 - 0x000007fefd28b000 	C:\Windows\system32\DNSAPI.dll
0x0000000074120000 - 0x0000000074146000 	C:\Program Files\Bonjour\mdnsNSP.dll
0x000007fef29a0000 - 0x000007fef29a8000 	C:\Windows\system32\rasadhlp.dll
0x000007fefa970000 - 0x000007fefa9c3000 	C:\Windows\System32\fwpuclnt.dll
0x000007feeea00000 - 0x000007feeea0b000 	C:\Program Files\Android\Android Studio\jre\jre\bin\sunmscapi.dll
0x000007fefda50000 - 0x000007fefdaa7000 	C:\Windows\system32\apphelp.dll
0x000007feec610000 - 0x000007feec735000 	C:\Windows\system32\dbghelp.dll

VM Arguments:
jvm_args: -Xmx1536m -Dfile.encoding=windows-1252 -Duser.country=US -Duser.language=en -Duser.variant 
java_command: org.gradle.launcher.daemon.bootstrap.GradleDaemon 5.6.4
java_class_path (initial): C:\Users\user\.gradle\wrapper\dists\gradle-5.6.4-all\ankdp27end7byghfw1q2sw75f\gradle-5.6.4\lib\gradle-launcher-5.6.4.jar
Launcher Type: SUN_STANDARD

Environment Variables:
PATH=C:\Program Files\Java\jdk-12\bin;C:\ADB\;C:\Program Files\Git\cmd
USERNAME=user
OS=Windows_NT
PROCESSOR_IDENTIFIER=Intel64 Family 6 Model 42 Stepping 7, GenuineIntel



---------------  S Y S T E M  ---------------

OS: Windows 7 , 64 bit Build 7601 (6.1.7601.17514)

CPU:total 4 (initial active 4) (2 cores per cpu, 2 threads per core) family 6 model 42 stepping 7, cmov, cx8, fxsr, mmx, sse, sse2, sse3, ssse3, sse4.1, sse4.2, popcnt, avx, clmul, ht, tsc, tscinvbit

Memory: 4k page, physical 6189424k(140456k free), swap 12377004k(3258532k free)

vm_info: OpenJDK 64-Bit Server VM (25.212-b04) for windows-amd64 JRE (1.8.0_212-release-1586-b04), built by "builder" with MS VC++ 10.0 (VS2010)

time: Sat Jul 04 16:01:51 2020
timezone: W. Central Africa Standard Time
elapsed time: 4025 seconds (0d 1h 7m 5s)

