#
# A fatal error has been detected by the Java Runtime Environment:
#
#  EXCEPTION_ACCESS_VIOLATION (0xc0000005) at pc=0x00000000696cf51b, pid=4372, tid=0x0000000000000c3c
#
# JRE version: OpenJDK Runtime Environment (8.0_212-b04) (build 1.8.0_212-release-1586-b04)
# Java VM: OpenJDK 64-Bit Server VM (25.212-b04 mixed mode windows-amd64 compressed oops)
# Problematic frame:
# V  [jvm.dll+0xef51b]
#
# Failed to write core dump. Minidumps are not enabled by default on client versions of Windows
#
# If you would like to submit a bug report, please visit:
#   
#

---------------  T H R E A D  ---------------

Current thread (0x00000000021ee000):  GCTaskThread [stack: 0x0000000012300000,0x0000000012400000] [id=3132]

siginfo: ExceptionCode=0xc0000005, reading address 0x0000000000000008

Registers:
RAX=0x0000000012640000, RBX=0x00000000f3139af0, RCX=0x0000000000000000, RDX=0x0000000000000001
RSP=0x00000000123ff2f0, RBP=0x00000000f3139ad8, RSI=0x000000005620b830, RDI=0x000000005620b830
R8 =0x0000000000000000, R9 =0x0000000015965f30, R10=0x000000000000000c, R11=0x0000000069baade8
R12=0x00000000f3139ae0, R13=0x0000000015966138, R14=0x0000000015966140, R15=0x00000000f3139ac8
RIP=0x00000000696cf51b, EFLAGS=0x0000000000010246

Top of Stack: (sp=0x00000000123ff2f0)
0x00000000123ff2f0:   0000000015965f30 00000000f3139ac4
0x00000000123ff300:   0000000000000003 00000000697d6622
0x00000000123ff310:   0000000000000000 00000000000083b0
0x00000000123ff320:   00000000603ee278 00000000021eb780
0x00000000123ff330:   0000000000005c59 00000000699a5f60
0x00000000123ff340:   00000000568be308 00000000561b55d0
0x00000000123ff350:   000000005620b830 00000000603e6d30
0x00000000123ff360:   0000000000000000 0000000000000c00
0x00000000123ff370:   0000000000000000 0000000000000000
0x00000000123ff380:   0000000000000000 000000005f9f7000
0x00000000123ff390:   0000000000000001 00000000699ae601
0x00000000123ff3a0:   000051feaee0f7d9 00000000603ee278
0x00000000123ff3b0:   00000000021ee8c0 00000000000083b0
0x00000000123ff3c0:   00000000603e6d30 00000000021eb780
0x00000000123ff3d0:   00000000603e6290 00000000561b55d0
0x00000000123ff3e0:   000000005620b830 00000000699a2c43 

Instructions: (pc=0x00000000696cf51b)
0x00000000696cf4fb:   6d 00 84 d2 74 16 44 8b 43 08 8b 0d 0d 12 67 00
0x00000000696cf50b:   49 d3 e0 4c 03 05 fb 11 67 00 eb 04 4c 8b 43 08
0x00000000696cf51b:   45 8b 48 08 45 85 c9 7e 0c 41 f6 c1 01 75 4b 41
0x00000000696cf52b:   c1 f9 03 eb 57 79 43 84 d2 41 8b c9 b8 10 00 00 


Register to memory mapping:

RAX=0x0000000012640000 is an unknown value
RBX=0x00000000f3139af0 is an unknown value
RCX=0x0000000000000000 is an unknown value
RDX=0x0000000000000001 is an unknown value
RSP=0x00000000123ff2f0 is an unknown value
RBP=0x00000000f3139ad8 is an oop

[error occurred during error reporting (printing register info), id 0xc0000005]

Stack: [0x0000000012300000,0x0000000012400000],  sp=0x00000000123ff2f0,  free space=1020k
Native frames: (J=compiled Java code, j=interpreted, Vv=VM code, C=native code)
V  [jvm.dll+0xef51b]
V  [jvm.dll+0x3c5f60]
V  [jvm.dll+0x3c2c43]
V  [jvm.dll+0x3c0a0e]
V  [jvm.dll+0x26f53a]
C  [msvcr100.dll+0x21d9f]
C  [msvcr100.dll+0x21e3b]
C  [kernel32.dll+0x1652d]
C  [ntdll.dll+0x2c521]


---------------  P R O C E S S  ---------------

Java Threads: ( => current thread )
  0x000000005f9f4800 JavaThread "Cache worker for Build Output Cleanup Cache (C:\Users\user\AndroidStudioProjects\Allpostandmine\.gradle\buildOutputCleanup)" [_thread_blocked, id=3796, stack(0x00000000689e0000,0x0000000068ae0000)]
  0x000000005f9f7000 JavaThread "pool-10-thread-1" [_thread_blocked, id=5968, stack(0x0000000066a90000,0x0000000066b90000)]
  0x000000005f9f7800 JavaThread "Build operations Thread 4" [_thread_blocked, id=2324, stack(0x0000000061ed0000,0x0000000061fd0000)]
  0x000000005f9f4000 JavaThread "Build operations Thread 3" [_thread_blocked, id=5364, stack(0x0000000062610000,0x0000000062710000)]
  0x000000005d432000 JavaThread "Build operations Thread 2" [_thread_blocked, id=2708, stack(0x00000000642c0000,0x00000000643c0000)]
  0x000000005d431800 JavaThread "Build operations" [_thread_blocked, id=6264, stack(0x0000000063310000,0x0000000063410000)]
  0x000000005d42b800 JavaThread "Cache worker for cache directory md-rule (C:\Users\user\.gradle\caches\5.6.4\md-rule)" [_thread_blocked, id=2008, stack(0x0000000062de0000,0x0000000062ee0000)]
  0x000000005d430800 JavaThread "Cache worker for cache directory md-supplier (C:\Users\user\.gradle\caches\5.6.4\md-supplier)" [_thread_blocked, id=5276, stack(0x0000000061880000,0x0000000061980000)]
  0x0000000057bff800 JavaThread "Cache worker for file hash cache (C:\Users\user\AndroidStudioProjects\Allpostandmine\.gradle\5.6.4\fileHashes)" [_thread_blocked, id=6328, stack(0x0000000061dc0000,0x0000000061ec0000)]
  0x0000000057bf9800 JavaThread "Thread-111" [_thread_blocked, id=5512, stack(0x000000005b1e0000,0x000000005b2e0000)]
  0x0000000057bf8800 JavaThread "Stdin handler" [_thread_blocked, id=6168, stack(0x0000000061980000,0x0000000061a80000)]
  0x0000000057bfc800 JavaThread "Asynchronous log dispatcher for DefaultDaemonConnection: socket connection from /127.0.0.1:50168 to /127.0.0.1:58110" [_thread_blocked, id=6228, stack(0x0000000058120000,0x0000000058220000)]
  0x0000000057bfd000 JavaThread "Daemon worker Thread 6" [_thread_blocked, id=2336, stack(0x000000005c240000,0x000000005c340000)]
  0x0000000057bfb800 JavaThread "Cancel handler" [_thread_blocked, id=804, stack(0x000000005eb40000,0x000000005ec40000)]
  0x0000000057bfb000 JavaThread "Handler for socket connection from /127.0.0.1:50168 to /127.0.0.1:58110" [_thread_in_native, id=5876, stack(0x000000005b9a0000,0x000000005baa0000)]
  0x0000000057bfe800 JavaThread "Daemon Thread 6" [_thread_blocked, id=6896, stack(0x000000005b580000,0x000000005b680000)]
  0x000000005d42d800 JavaThread "Cache worker for Java compile cache (C:\Users\user\.gradle\caches\5.6.4\javaCompile)" [_thread_blocked, id=5924, stack(0x0000000064730000,0x0000000064830000)]
  0x0000000058fec800 JavaThread "Cache worker for file content cache (C:\Users\user\.gradle\caches\5.6.4\fileContent)" [_thread_blocked, id=5500, stack(0x0000000063560000,0x0000000063660000)]
  0x0000000058feb800 JavaThread "Memory manager" [_thread_blocked, id=5472, stack(0x0000000063410000,0x0000000063510000)]
  0x0000000057bfa000 JavaThread "Cache worker for execution history cache (C:\Users\user\.gradle\caches\5.6.4\executionHistory)" [_thread_blocked, id=4368, stack(0x0000000061540000,0x0000000061640000)]
  0x0000000057bf3800 JavaThread "Cache worker for journal cache (C:\Users\user\.gradle\caches\journal-1)" [_thread_blocked, id=1228, stack(0x000000005c4a0000,0x000000005c5a0000)]
  0x0000000057bf2800 JavaThread "File lock request listener" [_thread_in_native, id=3736, stack(0x000000005c380000,0x000000005c480000)]
  0x000000005a2b6000 JavaThread "Cache worker for file hash cache (C:\Users\user\.gradle\caches\5.6.4\fileHashes)" [_thread_blocked, id=2636, stack(0x000000005bf40000,0x000000005c040000)]
  0x000000005a13f800 JavaThread "Daemon periodic checks" [_thread_blocked, id=4236, stack(0x000000005b400000,0x000000005b500000)]
  0x000000005a126000 JavaThread "Incoming local TCP Connector on port 50168" [_thread_in_native, id=1264, stack(0x000000005b2f0000,0x000000005b3f0000)]
  0x000000005a0b2000 JavaThread "Daemon health stats" [_thread_blocked, id=2212, stack(0x000000005aea0000,0x000000005afa0000)]
  0x0000000057c7a000 JavaThread "Service Thread" daemon [_thread_blocked, id=5040, stack(0x0000000058270000,0x0000000058370000)]
  0x0000000057bf1000 JavaThread "C1 CompilerThread2" daemon [_thread_blocked, id=472, stack(0x0000000058000000,0x0000000058100000)]
  0x0000000057bf0800 JavaThread "C2 CompilerThread1" daemon [_thread_blocked, id=3748, stack(0x00000000579e0000,0x0000000057ae0000)]
  0x000000005632b800 JavaThread "C2 CompilerThread0" daemon [_thread_blocked, id=4528, stack(0x0000000057af0000,0x0000000057bf0000)]
  0x000000005633c000 JavaThread "Attach Listener" daemon [_thread_blocked, id=2736, stack(0x00000000578a0000,0x00000000579a0000)]
  0x000000005633b000 JavaThread "Signal Dispatcher" daemon [_thread_blocked, id=4660, stack(0x0000000057710000,0x0000000057810000)]
  0x0000000056318800 JavaThread "Finalizer" daemon [_thread_blocked, id=1256, stack(0x0000000057250000,0x0000000057350000)]
  0x0000000056311000 JavaThread "Reference Handler" daemon [_thread_blocked, id=4256, stack(0x00000000575c0000,0x00000000576c0000)]
  0x0000000001d2e800 JavaThread "main" [_thread_blocked, id=4856, stack(0x00000000023f0000,0x00000000024f0000)]

Other Threads:
  0x00000000562c9800 VMThread [stack: 0x0000000057400000,0x0000000057500000] [id=1412]
  0x0000000057c27000 WatcherThread [stack: 0x0000000058370000,0x0000000058470000] [id=4684]

=>0x00000000021ee000 (exited) GCTaskThread [stack: 0x0000000012300000,0x0000000012400000] [id=3132]

VM state:at safepoint (normal execution)

VM Mutex/Monitor currently owned by a thread:  ([mutex/lock_event])
[0x0000000001d2c8a0] Threads_lock - owner thread: 0x00000000562c9800
[0x0000000001d2cda0] Heap_lock - owner thread: 0x0000000057bfd000

heap address: 0x00000000a0000000, size: 1536 MB, Compressed Oops mode: 32-bit
Narrow klass base: 0x0000000000000000, Narrow klass shift: 0
Compressed class space size: 1073741824 Address: 0x0000000015940000

Heap:
 PSYoungGen      total 327680K, used 40570K [0x00000000e0000000, 0x00000000fa400000, 0x0000000100000000)
  eden space 286720K, 0% used [0x00000000e0000000,0x00000000e0000000,0x00000000f1800000)
  from space 40960K, 99% used [0x00000000f2900000,0x00000000f509e840,0x00000000f5100000)
  to   space 71680K, 0% used [0x00000000f5e00000,0x00000000f5e00000,0x00000000fa400000)
 ParOldGen       total 217600K, used 89376K [0x00000000a0000000, 0x00000000ad480000, 0x00000000e0000000)
  object space 217600K, 41% used [0x00000000a0000000,0x00000000a57483d0,0x00000000ad480000)
 Metaspace       used 155435K, capacity 164084K, committed 164160K, reserved 1191936K
  class space    used 20745K, capacity 22452K, committed 22528K, reserved 1048576K

Card table byte_map: [0x0000000011b80000,0x0000000011e90000] byte_map_base: 0x0000000011680000

Marking Bits: (ParMarkBitMap*) 0x0000000069da9f30
 Begin Bits: [0x0000000012640000, 0x0000000013e40000)
 End Bits:   [0x0000000013e40000, 0x0000000015640000)

Polling page: 0x0000000000130000

CodeCache: size=245760Kb used=56000Kb max_used=56000Kb free=189759Kb
 bounds [0x00000000027c0000, 0x0000000005ec0000, 0x00000000117c0000]
 total_blobs=17628 nmethods=16738 adapters=801
 compilation: enabled

Compilation events (10 events):
Event: 4227.946 Thread 0x0000000057bf1000 nmethod 20891 0x0000000005e93d90 code [0x0000000005e93ee0, 0x0000000005e94030]
Event: 4227.946 Thread 0x0000000057bf1000 20892       3       sun.security.util.BitArray::position (10 bytes)
Event: 4227.946 Thread 0x0000000057bf1000 nmethod 20892 0x0000000005e93a10 code [0x0000000005e93b60, 0x0000000005e93cd0]
Event: 4227.946 Thread 0x0000000057bf1000 20893       3       sun.security.util.DerValue::toByteArray (25 bytes)
Event: 4227.947 Thread 0x0000000057bf1000 nmethod 20893 0x0000000005e92910 code [0x0000000005e92ae0, 0x0000000005e93588]
Event: 4227.947 Thread 0x0000000057bf1000 20894       3       sun.security.x509.X509AttributeName::<init> (55 bytes)
Event: 4227.947 Thread 0x0000000057bf1000 nmethod 20894 0x0000000005ebc890 code [0x0000000005ebca20, 0x0000000005ebcfc8]
Event: 4227.947 Thread 0x0000000057bf1000 20895       3       sun.security.util.ObjectIdentifier::check (78 bytes)
Event: 4227.948 Thread 0x0000000057bf1000 nmethod 20895 0x0000000005ebd150 code [0x0000000005ebd300, 0x0000000005ebd7d8]
Event: 4228.020 Thread 0x0000000057bf1000 20896       3       sun.security.util.DerInputStream::getSet (37 bytes)

GC Heap History (10 events):
Event: 1209.666 GC heap after
Heap after GC invocations=19 (full 4):
 PSYoungGen      total 396288K, used 47675K [0x00000000e0000000, 0x00000000fff80000, 0x0000000100000000)
  eden space 332800K, 0% used [0x00000000e0000000,0x00000000e0000000,0x00000000f4500000)
  from space 63488K, 75% used [0x00000000f4500000,0x00000000f738eca8,0x00000000f8300000)
  to   space 68608K, 0% used [0x00000000fbc80000,0x00000000fbc80000,0x00000000fff80000)
 ParOldGen       total 217600K, used 89344K [0x00000000a0000000, 0x00000000ad480000, 0x00000000e0000000)
  object space 217600K, 41% used [0x00000000a0000000,0x00000000a57403d0,0x00000000ad480000)
 Metaspace       used 109349K, capacity 114818K, committed 115072K, reserved 1148928K
  class space    used 14798K, capacity 15885K, committed 16000K, reserved 1048576K
}
Event: 3639.243 GC heap before
{Heap before GC invocations=20 (full 4):
 PSYoungGen      total 396288K, used 380475K [0x00000000e0000000, 0x00000000fff80000, 0x0000000100000000)
  eden space 332800K, 100% used [0x00000000e0000000,0x00000000f4500000,0x00000000f4500000)
  from space 63488K, 75% used [0x00000000f4500000,0x00000000f738eca8,0x00000000f8300000)
  to   space 68608K, 0% used [0x00000000fbc80000,0x00000000fbc80000,0x00000000fff80000)
 ParOldGen       total 217600K, used 89344K [0x00000000a0000000, 0x00000000ad480000, 0x00000000e0000000)
  object space 217600K, 41% used [0x00000000a0000000,0x00000000a57403d0,0x00000000ad480000)
 Metaspace       used 118752K, capacity 124788K, committed 125184K, reserved 1157120K
  class space    used 15853K, capacity 17036K, committed 17152K, reserved 1048576K
Event: 3642.968 GC heap after
Heap after GC invocations=20 (full 4):
 PSYoungGen      total 345600K, used 24946K [0x00000000e0000000, 0x00000000fd500000, 0x0000000100000000)
  eden space 320512K, 0% used [0x00000000e0000000,0x00000000e0000000,0x00000000f3900000)
  from space 25088K, 99% used [0x00000000fbc80000,0x00000000fd4dc860,0x00000000fd500000)
  to   space 64512K, 0% used [0x00000000f5700000,0x00000000f5700000,0x00000000f9600000)
 ParOldGen       total 217600K, used 89352K [0x00000000a0000000, 0x00000000ad480000, 0x00000000e0000000)
  object space 217600K, 41% used [0x00000000a0000000,0x00000000a57423d0,0x00000000ad480000)
 Metaspace       used 118752K, capacity 124788K, committed 125184K, reserved 1157120K
  class space    used 15853K, capacity 17036K, committed 17152K, reserved 1048576K
}
Event: 3826.106 GC heap before
{Heap before GC invocations=21 (full 4):
 PSYoungGen      total 345600K, used 345458K [0x00000000e0000000, 0x00000000fd500000, 0x0000000100000000)
  eden space 320512K, 100% used [0x00000000e0000000,0x00000000f3900000,0x00000000f3900000)
  from space 25088K, 99% used [0x00000000fbc80000,0x00000000fd4dc860,0x00000000fd500000)
  to   space 64512K, 0% used [0x00000000f5700000,0x00000000f5700000,0x00000000f9600000)
 ParOldGen       total 217600K, used 89352K [0x00000000a0000000, 0x00000000ad480000, 0x00000000e0000000)
  object space 217600K, 41% used [0x00000000a0000000,0x00000000a57423d0,0x00000000ad480000)
 Metaspace       used 136134K, capacity 143500K, committed 143616K, reserved 1173504K
  class space    used 18240K, capacity 19678K, committed 19712K, reserved 1048576K
Event: 3827.316 GC heap after
Heap after GC invocations=21 (full 4):
 PSYoungGen      total 345600K, used 36352K [0x00000000e0000000, 0x00000000fbd00000, 0x0000000100000000)
  eden space 308736K, 0% used [0x00000000e0000000,0x00000000e0000000,0x00000000f2d80000)
  from space 36864K, 98% used [0x00000000f5700000,0x00000000f7a801b0,0x00000000f7b00000)
  to   space 64512K, 0% used [0x00000000f7e00000,0x00000000f7e00000,0x00000000fbd00000)
 ParOldGen       total 217600K, used 89360K [0x00000000a0000000, 0x00000000ad480000, 0x00000000e0000000)
  object space 217600K, 41% used [0x00000000a0000000,0x00000000a57443d0,0x00000000ad480000)
 Metaspace       used 136134K, capacity 143500K, committed 143616K, reserved 1173504K
  class space    used 18240K, capacity 19678K, committed 19712K, reserved 1048576K
}
Event: 3847.462 GC heap before
{Heap before GC invocations=22 (full 4):
 PSYoungGen      total 345600K, used 345081K [0x00000000e0000000, 0x00000000fbd00000, 0x0000000100000000)
  eden space 308736K, 99% used [0x00000000e0000000,0x00000000f2d7e330,0x00000000f2d80000)
  from space 36864K, 98% used [0x00000000f5700000,0x00000000f7a801b0,0x00000000f7b00000)
  to   space 64512K, 0% used [0x00000000f7e00000,0x00000000f7e00000,0x00000000fbd00000)
 ParOldGen       total 217600K, used 89360K [0x00000000a0000000, 0x00000000ad480000, 0x00000000e0000000)
  object space 217600K, 41% used [0x00000000a0000000,0x00000000a57443d0,0x00000000ad480000)
 Metaspace       used 154347K, capacity 162766K, committed 162944K, reserved 1189888K
  class space    used 20629K, capacity 22283K, committed 22400K, reserved 1048576K
Event: 3847.712 GC heap after
Heap after GC invocations=22 (full 4):
 PSYoungGen      total 353792K, used 55902K [0x00000000e0000000, 0x00000000fb500000, 0x0000000100000000)
  eden space 297472K, 0% used [0x00000000e0000000,0x00000000e0000000,0x00000000f2280000)
  from space 56320K, 99% used [0x00000000f7e00000,0x00000000fb497a58,0x00000000fb500000)
  to   space 71680K, 0% used [0x00000000f2900000,0x00000000f2900000,0x00000000f6f00000)
 ParOldGen       total 217600K, used 89368K [0x00000000a0000000, 0x00000000ad480000, 0x00000000e0000000)
  object space 217600K, 41% used [0x00000000a0000000,0x00000000a57463d0,0x00000000ad480000)
 Metaspace       used 154347K, capacity 162766K, committed 162944K, reserved 1189888K
  class space    used 20629K, capacity 22283K, committed 22400K, reserved 1048576K
}
Event: 4228.037 GC heap before
{Heap before GC invocations=23 (full 4):
 PSYoungGen      total 353792K, used 116790K [0x00000000e0000000, 0x00000000fb500000, 0x0000000100000000)
  eden space 297472K, 20% used [0x00000000e0000000,0x00000000e3b75f30,0x00000000f2280000)
  from space 56320K, 99% used [0x00000000f7e00000,0x00000000fb497a58,0x00000000fb500000)
  to   space 71680K, 0% used [0x00000000f2900000,0x00000000f2900000,0x00000000f6f00000)
 ParOldGen       total 217600K, used 89368K [0x00000000a0000000, 0x00000000ad480000, 0x00000000e0000000)
  object space 217600K, 41% used [0x00000000a0000000,0x00000000a57463d0,0x00000000ad480000)
 Metaspace       used 155435K, capacity 164084K, committed 164160K, reserved 1191936K
  class space    used 20745K, capacity 22452K, committed 22528K, reserved 1048576K
Event: 4228.744 GC heap after
Heap after GC invocations=23 (full 4):
 PSYoungGen      total 327680K, used 40570K [0x00000000e0000000, 0x00000000fa400000, 0x0000000100000000)
  eden space 286720K, 0% used [0x00000000e0000000,0x00000000e0000000,0x00000000f1800000)
  from space 40960K, 99% used [0x00000000f2900000,0x00000000f509e840,0x00000000f5100000)
  to   space 71680K, 0% used [0x00000000f5e00000,0x00000000f5e00000,0x00000000fa400000)
 ParOldGen       total 217600K, used 89376K [0x00000000a0000000, 0x00000000ad480000, 0x00000000e0000000)
  object space 217600K, 41% used [0x00000000a0000000,0x00000000a57483d0,0x00000000ad480000)
 Metaspace       used 155435K, capacity 164084K, committed 164160K, reserved 1191936K
  class space    used 20745K, capacity 22452K, committed 22528K, reserved 1048576K
}
Event: 4228.744 GC heap before
{Heap before GC invocations=24 (full 5):
 PSYoungGen      total 327680K, used 40570K [0x00000000e0000000, 0x00000000fa400000, 0x0000000100000000)
  eden space 286720K, 0% used [0x00000000e0000000,0x00000000e0000000,0x00000000f1800000)
  from space 40960K, 99% used [0x00000000f2900000,0x00000000f509e840,0x00000000f5100000)
  to   space 71680K, 0% used [0x00000000f5e00000,0x00000000f5e00000,0x00000000fa400000)
 ParOldGen       total 217600K, used 89376K [0x00000000a0000000, 0x00000000ad480000, 0x00000000e0000000)
  object space 217600K, 41% used [0x00000000a0000000,0x00000000a57483d0,0x00000000ad480000)
 Metaspace       used 155435K, capacity 164084K, committed 164160K, reserved 1191936K
  class space    used 20745K, capacity 22452K, committed 22528K, reserved 1048576K

Deoptimization events (10 events):
Event: 3846.204 Thread 0x000000005f9f7800 Uncommon trap: reason=class_check action=maybe_recompile pc=0x0000000003de9ae4 method=java.util.concurrent.locks.AbstractQueuedSynchronizer.doAcquireInterruptibly(I)V @ 27
Event: 3846.423 Thread 0x0000000057bfb000 Uncommon trap: reason=class_check action=maybe_recompile pc=0x0000000005718bc4 method=org.gradle.api.internal.artifacts.transform.AttributeMatchingVariantSelector.doSelect(Lorg/gradle/api/internal/artifacts/ivyservice/resolveengine/artifact/ResolvedVarian
Event: 3846.423 Thread 0x0000000057bfb000 Uncommon trap: reason=class_check action=maybe_recompile pc=0x0000000003e35428 method=org.gradle.api.internal.artifacts.transform.ConsumerProvidedResolvedVariant.startVisit(Lorg/gradle/internal/operations/BuildOperationQueue;Lorg/gradle/api/internal/artif
Event: 3846.428 Thread 0x0000000057bfb000 Uncommon trap: reason=class_check action=maybe_recompile pc=0x0000000003584254 method=org.gradle.api.internal.artifacts.transform.TransformCompletion.visit(Lorg/gradle/api/internal/artifacts/ivyservice/resolveengine/artifact/ArtifactVisitor;)V @ 24
Event: 4224.095 Thread 0x0000000057bfd000 Uncommon trap: reason=unstable_if action=reinterpret pc=0x0000000005951ed4 method=org.objectweb.asm.ByteVector.putInt(I)Lorg/objectweb/asm/ByteVector; @ 13
Event: 4224.118 Thread 0x0000000057bfd000 Uncommon trap: reason=unstable_if action=reinterpret pc=0x000000000541e214 method=java.lang.ref.SoftReference.get()Ljava/lang/Object; @ 6
Event: 4224.138 Thread 0x0000000057bfd000 Uncommon trap: reason=unstable_if action=reinterpret pc=0x0000000002fe8ba4 method=java.lang.ref.SoftReference.get()Ljava/lang/Object; @ 6
Event: 4224.236 Thread 0x0000000057bfd000 Uncommon trap: reason=bimorphic action=maybe_recompile pc=0x00000000043a55a0 method=java.util.concurrent.CopyOnWriteArrayList.indexOf(Ljava/lang/Object;[Ljava/lang/Object;II)I @ 46
Event: 4225.997 Thread 0x0000000057bfd000 Uncommon trap: reason=unstable_if action=reinterpret pc=0x00000000033ee0dc method=java.util.regex.Pattern.closure(Ljava/util/regex/Pattern$Node;)Ljava/util/regex/Pattern$Node; @ 113
Event: 4226.017 Thread 0x0000000057bfd000 Uncommon trap: reason=unstable_if action=reinterpret pc=0x00000000029de4a4 method=java.lang.AbstractStringBuilder.append(Ljava/lang/String;)Ljava/lang/AbstractStringBuilder; @ 1

Classes redefined (0 events):
No events

Internal exceptions (10 events):
Event: 4224.118 Thread 0x0000000057bfd000 Implicit null exception at 0x000000000541de8d to 0x000000000541e1f9
Event: 4224.138 Thread 0x0000000057bfd000 Implicit null exception at 0x0000000002fe8950 to 0x0000000002fe8b89
Event: 4224.758 Thread 0x0000000057bfd000 Exception <a 'java/lang/ClassNotFoundException': build_227b3eydr88g5cesj8hooovixBeanInfo> (0x00000000e1b56468) thrown at [D:\src\AOSP-openjdk-cygwin\jdk8u\hotspot\src\share\vm\classfile\systemDictionary.cpp, line 210]
Event: 4224.758 Thread 0x0000000057bfd000 Exception <a 'java/lang/ClassNotFoundException': build_227b3eydr88g5cesj8hooovixCustomizer> (0x00000000e1b62e00) thrown at [D:\src\AOSP-openjdk-cygwin\jdk8u\hotspot\src\share\vm\classfile\systemDictionary.cpp, line 210]
Event: 4224.786 Thread 0x0000000057bfd000 Exception <a 'sun/nio/fs/WindowsException'> (0x00000000e1c44b18) thrown at [D:\src\AOSP-openjdk-cygwin\jdk8u\hotspot\src\share\vm\prims\jni.cpp, line 710]
Event: 4225.175 Thread 0x0000000057bfd000 Exception <a 'java/lang/ClassNotFoundException': build_227b3eydr88g5cesj8hooovix$_run_closure1$_closure4BeanInfo> (0x00000000e1ea65d0) thrown at [D:\src\AOSP-openjdk-cygwin\jdk8u\hotspot\src\share\vm\classfile\systemDictionary.cpp, line 210]
Event: 4225.175 Thread 0x0000000057bfd000 Exception <a 'java/lang/ClassNotFoundException': build_227b3eydr88g5cesj8hooovix$_run_closure1$_closure4Customizer> (0x00000000e1eb6130) thrown at [D:\src\AOSP-openjdk-cygwin\jdk8u\hotspot\src\share\vm\classfile\systemDictionary.cpp, line 210]
Event: 4225.177 Thread 0x0000000057bfd000 Exception <a 'java/lang/ClassNotFoundException': build_227b3eydr88g5cesj8hooovix$_run_closure1BeanInfo> (0x00000000e1edc7d0) thrown at [D:\src\AOSP-openjdk-cygwin\jdk8u\hotspot\src\share\vm\classfile\systemDictionary.cpp, line 210]
Event: 4225.178 Thread 0x0000000057bfd000 Exception <a 'java/lang/ClassNotFoundException': build_227b3eydr88g5cesj8hooovix$_run_closure1Customizer> (0x00000000e1eeb688) thrown at [D:\src\AOSP-openjdk-cygwin\jdk8u\hotspot\src\share\vm\classfile\systemDictionary.cpp, line 210]
Event: 4226.017 Thread 0x0000000057bfd000 Implicit null exception at 0x00000000029de106 to 0x00000000029de48d

Events (10 events):
Event: 4227.981 loading class sun/security/ec/ECKeyFactory done
Event: 4227.982 loading class java/security/NoSuchProviderException
Event: 4228.009 loading class java/security/NoSuchProviderException done
Event: 4228.010 loading class sun/security/ec/ECPublicKeyImpl
Event: 4228.010 loading class sun/security/ec/ECPublicKeyImpl done
Event: 4228.010 loading class java/security/interfaces/ECPublicKey
Event: 4228.012 loading class java/security/interfaces/ECPublicKey done
Event: 4228.012 loading class sun/security/util/ECUtil
Event: 4228.018 loading class sun/security/util/ECUtil done
Event: 4228.020 Executing VM operation: CollectForMetadataAllocation


Dynamic libraries:
0x000000013f760000 - 0x000000013f791000 	C:\Program Files\Android\Android Studio\jre\bin\java.exe
0x0000000077c30000 - 0x0000000077dd9000 	C:\Windows\SYSTEM32\ntdll.dll
0x0000000077a10000 - 0x0000000077b2f000 	C:\Windows\system32\kernel32.dll
0x000007fefdd70000 - 0x000007fefdddb000 	C:\Windows\system32\KERNELBASE.dll
0x000007feff690000 - 0x000007feff76b000 	C:\Windows\system32\ADVAPI32.dll
0x000007feff310000 - 0x000007feff3af000 	C:\Windows\system32\msvcrt.dll
0x000007feffcc0000 - 0x000007feffcdf000 	C:\Windows\SYSTEM32\sechost.dll
0x000007feff3e0000 - 0x000007feff50d000 	C:\Windows\system32\RPCRT4.dll
0x0000000077b30000 - 0x0000000077c2a000 	C:\Windows\system32\USER32.dll
0x000007feff2a0000 - 0x000007feff307000 	C:\Windows\system32\GDI32.dll
0x000007feff8d0000 - 0x000007feff8de000 	C:\Windows\system32\LPK.dll
0x000007feffe70000 - 0x000007fefff39000 	C:\Windows\system32\USP10.dll
0x000007fefc320000 - 0x000007fefc514000 	C:\Windows\WinSxS\amd64_microsoft.windows.common-controls_6595b64144ccf1df_6.0.7601.17514_none_fa396087175ac9ac\COMCTL32.dll
0x000007feffdf0000 - 0x000007feffe61000 	C:\Windows\system32\SHLWAPI.dll
0x000007feff3b0000 - 0x000007feff3de000 	C:\Windows\system32\IMM32.DLL
0x000007feffce0000 - 0x000007feffde9000 	C:\Windows\system32\MSCTF.dll
0x0000000064400000 - 0x00000000644d2000 	C:\Program Files\Android\Android Studio\jre\jre\bin\msvcr100.dll
0x00000000695e0000 - 0x0000000069e26000 	C:\Program Files\Android\Android Studio\jre\jre\bin\server\jvm.dll
0x000007fef6ce0000 - 0x000007fef6ce9000 	C:\Windows\system32\WSOCK32.dll
0x000007feffc70000 - 0x000007feffcbd000 	C:\Windows\system32\WS2_32.dll
0x000007fefe500000 - 0x000007fefe508000 	C:\Windows\system32\NSI.dll
0x000007fefbf80000 - 0x000007fefbfbb000 	C:\Windows\system32\WINMM.dll
0x000007fefcce0000 - 0x000007fefccec000 	C:\Windows\system32\VERSION.dll
0x0000000077e00000 - 0x0000000077e07000 	C:\Windows\system32\PSAPI.DLL
0x000007fef6650000 - 0x000007fef665f000 	C:\Program Files\Android\Android Studio\jre\jre\bin\verify.dll
0x000007feeefe0000 - 0x000007feef009000 	C:\Program Files\Android\Android Studio\jre\jre\bin\java.dll
0x000007feeefc0000 - 0x000007feeefd6000 	C:\Program Files\Android\Android Studio\jre\jre\bin\zip.dll
0x000007fefe510000 - 0x000007feff298000 	C:\Windows\system32\SHELL32.dll
0x000007fefdff0000 - 0x000007fefe1f3000 	C:\Windows\system32\ole32.dll
0x000007fefdb80000 - 0x000007fefdb8f000 	C:\Windows\system32\profapi.dll
0x000007feee8c0000 - 0x000007feee8da000 	C:\Program Files\Android\Android Studio\jre\jre\bin\net.dll
0x000007feff510000 - 0x000007feff688000 	C:\Windows\system32\urlmon.dll
0x000007feff8e0000 - 0x000007feffa0a000 	C:\Windows\system32\WININET.dll
0x000007fefe200000 - 0x000007fefe459000 	C:\Windows\system32\iertutil.dll
0x000007feff770000 - 0x000007feff847000 	C:\Windows\system32\OLEAUT32.dll
0x000007fefdde0000 - 0x000007fefdf47000 	C:\Windows\system32\CRYPT32.dll
0x000007fefdc20000 - 0x000007fefdc2f000 	C:\Windows\system32\MSASN1.dll
0x000007fefd3b0000 - 0x000007fefd405000 	C:\Windows\system32\mswsock.dll
0x000007fefd3a0000 - 0x000007fefd3a7000 	C:\Windows\System32\wship6.dll
0x000007feee8a0000 - 0x000007feee8b3000 	C:\Program Files\Android\Android Studio\jre\jre\bin\nio.dll
0x000007fee8860000 - 0x000007fee8886000 	C:\Users\user\.gradle\native\30\windows-amd64\native-platform.dll
0x000007feee890000 - 0x000007feee89d000 	C:\Program Files\Android\Android Studio\jre\jre\bin\management.dll
0x000007fefd410000 - 0x000007fefd427000 	C:\Windows\system32\CRYPTSP.dll
0x000007fefd110000 - 0x000007fefd157000 	C:\Windows\system32\rsaenh.dll
0x000007fefced0000 - 0x000007fefceee000 	C:\Windows\system32\USERENV.dll
0x000007fefdab0000 - 0x000007fefdabf000 	C:\Windows\system32\CRYPTBASE.dll
0x000007fefb230000 - 0x000007fefb257000 	C:\Windows\system32\IPHLPAPI.DLL
0x000007fefb220000 - 0x000007fefb22b000 	C:\Windows\system32\WINNSI.DLL
0x000007fefa820000 - 0x000007fefa838000 	C:\Windows\system32\dhcpcsvc.DLL
0x000007fefa800000 - 0x000007fefa811000 	C:\Windows\system32\dhcpcsvc6.DLL
0x000007feec320000 - 0x000007feec344000 	C:\Program Files\Android\Android Studio\jre\jre\bin\sunec.dll
0x000007feec610000 - 0x000007feec735000 	C:\Windows\system32\dbghelp.dll

VM Arguments:
jvm_args: -Xmx1536m -Dfile.encoding=windows-1252 -Duser.country=US -Duser.language=en -Duser.variant 
java_command: org.gradle.launcher.daemon.bootstrap.GradleDaemon 5.6.4
java_class_path (initial): C:\Users\user\.gradle\wrapper\dists\gradle-5.6.4-all\ankdp27end7byghfw1q2sw75f\gradle-5.6.4\lib\gradle-launcher-5.6.4.jar
Launcher Type: SUN_STANDARD

Environment Variables:
PATH=C:\Program Files\Java\jdk-12\bin;C:\ADB\;C:\Program Files\Git\cmd
USERNAME=user
OS=Windows_NT
PROCESSOR_IDENTIFIER=Intel64 Family 6 Model 42 Stepping 7, GenuineIntel



---------------  S Y S T E M  ---------------

OS: Windows 7 , 64 bit Build 7601 (6.1.7601.17514)

CPU:total 4 (initial active 4) (2 cores per cpu, 2 threads per core) family 6 model 42 stepping 7, cmov, cx8, fxsr, mmx, sse, sse2, sse3, ssse3, sse4.1, sse4.2, popcnt, avx, clmul, ht, tsc, tscinvbit

Memory: 4k page, physical 6189424k(371172k free), swap 12377004k(4489360k free)

vm_info: OpenJDK 64-Bit Server VM (25.212-b04) for windows-amd64 JRE (1.8.0_212-release-1586-b04), built by "builder" with MS VC++ 10.0 (VS2010)

time: Sat Jul 04 14:41:13 2020
timezone: W. Central Africa Standard Time
elapsed time: 4235 seconds (0d 1h 10m 35s)

